<?xml version="1.0" encoding="UTF-8"?>
<!-- Generated by org.testng.reporters.JUnitReportReporter -->
<testsuite skipped="0" hostname="IVMLAP35-COMP" name="selenium.testcases.noframeworktest" tests="1" failures="0" timestamp="12 Jun 2020 03:23:49 GMT" time="15.326" errors="0">
  <testcase name="loginApp" time="15.326" classname="selenium.testcases.noframeworktest"/>
</testsuite> <!-- selenium.testcases.noframeworktest -->
