<?xml version="1.0" encoding="UTF-8"?>
<!-- Generated by org.testng.reporters.JUnitReportReporter -->
<testsuite skipped="0" hostname="IVMLAP35-COMP" name="selenium.testcases.LoginTestCRM" tests="1" failures="0" timestamp="13 Jun 2020 19:08:49 GMT" time="9.512" errors="0">
  <testcase name="loginApp" time="9.512" classname="selenium.testcases.LoginTestCRM"/>
</testsuite> <!-- selenium.testcases.LoginTestCRM -->
