<?xml version="1.0" encoding="UTF-8"?>
<!-- Generated by org.testng.reporters.JUnitReportReporter -->
<testsuite skipped="0" hostname="DESKTOP-EBKRHCJ" name="com.learnautomation.tests.LoginTestCRM" tests="2" failures="0" timestamp="06 Mar 2019 10:13:59 GMT" time="8.550" errors="0">
  <testcase name="loginAppTest" time="7.973" classname="com.learnautomation.tests.LoginTestCRM"/>
  <testcase name="logoutTest" time="0.577" classname="com.learnautomation.tests.LoginTestCRM"/>
</testsuite> <!-- com.learnautomation.tests.LoginTestCRM -->
